6.402811 0.000000 500.000000 
6.389922 0.196350 500.000000 
6.326061 0.392699 500.000000 
6.144421 0.589049 500.000000 
6.006021 0.785398 500.000000 
6.157078 0.981748 500.000000 
6.227125 1.178097 500.000000 
6.197106 1.374447 500.000000 
6.168890 1.570796 500.000000 
6.104641 1.767146 500.000000 
5.969036 1.963495 500.000000 
6.082324 2.159845 500.000000 
6.083981 2.356194 500.000000 
6.048881 2.552544 500.000000 
5.924680 2.748894 500.000000 
5.976589 2.945243 500.000000 
6.022019 3.141593 500.000000 
5.998338 3.337942 500.000000 
6.179777 3.534292 500.000000 
6.187664 3.730641 500.000000 
6.188908 3.926991 500.000000 
6.127284 4.123340 500.000000 
6.042418 4.319690 500.000000 
6.181462 4.516039 500.000000 
6.181663 4.712389 500.000000 
6.104961 4.908739 500.000000 
6.178744 5.105088 500.000000 
6.233964 5.301438 500.000000 
6.302732 5.497787 500.000000 
6.388590 5.694137 500.000000 
6.402688 5.890486 500.000000 
6.405408 6.086836 500.000000 

