6.403645 0.000000 500.000000 
6.400430 0.098175 500.000000 
6.391735 0.196350 500.000000 
6.378814 0.294524 500.000000 
6.307850 0.392699 500.000000 
6.230271 0.490874 500.000000 
6.118975 0.589049 500.000000 
6.074609 0.687223 500.000000 
6.114821 0.785398 500.000000 
6.000327 0.883573 500.000000 
5.986861 0.981748 500.000000 
6.118540 1.079922 500.000000 
6.121222 1.178097 500.000000 
6.192276 1.276272 500.000000 
6.086773 1.374447 500.000000 
6.160173 1.472622 500.000000 
6.088722 1.570796 500.000000 
6.159207 1.668971 500.000000 
6.191845 1.767146 500.000000 
6.122557 1.865321 500.000000 
6.107294 1.963495 500.000000 
5.984513 2.061670 500.000000 
5.974888 2.159845 500.000000 
6.068358 2.258020 500.000000 
6.109004 2.356194 500.000000 
6.085183 2.454369 500.000000 
6.059025 2.552544 500.000000 
6.057955 2.650719 500.000000 
6.051593 2.748894 500.000000 
5.963780 2.847068 500.000000 
6.019381 2.945243 500.000000 
5.987520 3.043418 500.000000 
5.977868 3.141593 500.000000 
6.028600 3.239767 500.000000 
6.092583 3.337942 500.000000 
6.005051 3.436117 500.000000 
5.994311 3.534292 500.000000 
6.153966 3.632467 500.000000 
6.208863 3.730641 500.000000 
6.175328 3.828816 500.000000 
6.099957 3.926991 500.000000 
6.155155 4.025166 500.000000 
6.067542 4.123340 500.000000 
6.115445 4.221515 500.000000 
6.121337 4.319690 500.000000 
6.035535 4.417865 500.000000 
5.999476 4.516039 500.000000 
6.105666 4.614214 500.000000 
5.988000 4.712389 500.000000 
6.099927 4.810564 500.000000 
5.991641 4.908739 500.000000 
6.048440 5.006913 500.000000 
6.004848 5.105088 500.000000 
6.110396 5.203263 500.000000 
6.046312 5.301438 500.000000 
6.152417 5.399612 500.000000 
6.188355 5.497787 500.000000 
6.199465 5.595962 500.000000 
6.311519 5.694137 500.000000 
6.375206 5.792311 500.000000 
6.392127 5.890486 500.000000 
6.400081 5.988661 500.000000 
6.403591 6.086836 500.000000 
6.404646 6.185011 500.000000 

